[22:29:42] [ServerMain/INFO]: Environment: Environment[sessionHost=https://sessionserver.mojang.com, servicesHost=https://api.minecraftservices.com, name=PROD]
[22:29:43] [ServerMain/INFO]: Loaded 1290 recipes
[22:29:43] [ServerMain/INFO]: Loaded 1399 advancements
[22:29:44] [Server thread/INFO]: Starting minecraft server version 1.21.1
[22:29:44] [Server thread/INFO]: Loading properties
[22:29:44] [Server thread/INFO]: Default game type: SURVIVAL
[22:29:44] [Server thread/INFO]: Generating keypair
[22:29:44] [Server thread/INFO]: Starting Minecraft server on *:25565
[22:29:44] [Server thread/INFO]: Using epoll channel type
[22:29:44] [Server thread/WARN]: **** SERVER IS RUNNING IN OFFLINE/INSECURE MODE!
[22:29:44] [Server thread/WARN]: The server will make no attempt to authenticate usernames. Beware.
[22:29:44] [Server thread/WARN]: While this makes the game possible to play without internet access, it also opens up the ability for hackers to connect with any username they choose.
[22:29:44] [Server thread/WARN]: To change this, set "online-mode" to "true" in the server.properties file.
[22:29:44] [Server thread/INFO]: Preparing level "world"
[22:29:46] [Server thread/INFO]: Preparing start region for dimension minecraft:overworld
[22:29:47] [Worker-Main-1/INFO]: Preparing spawn area: 0%
[22:29:47] [Server thread/INFO]: Time elapsed: 492 ms
[22:29:47] [Server thread/INFO]: Done (2.806s)! For help, type "help"
[22:29:48] [Server thread/INFO]: _Sebas23_[/192.168.192.23:45985] logged in with entity id 8 at (-699.2245840625658, 69.0, -1698.2473488469489)
[22:29:48] [Server thread/INFO]: _Sebas23_ joined the game
[22:29:57] [Server thread/INFO]: chepaboy[/192.168.192.161:49991] logged in with entity id 311 at (-649.176572988222, 63.0, -1748.5614349459881)
[22:29:57] [Server thread/INFO]: chepaboy joined the game
[22:30:40] [Server thread/INFO]: [Not Secure] <chepaboy> 67
[22:30:41] [Server thread/INFO]: [Not Secure] <chepaboy> 67
[22:30:41] [Server thread/INFO]: [Not Secure] <chepaboy> 67
[22:30:42] [Server thread/INFO]: [Not Secure] <chepaboy> 67
[22:30:42] [Server thread/INFO]: [Not Secure] <chepaboy> 67
[22:30:42] [Server thread/INFO]: [Not Secure] <chepaboy> 67
[22:30:52] [Server thread/INFO]: [Not Secure] <chepaboy> p -800 ~ -2528
[22:31:01] [Server thread/WARN]: _Sebas23_ moved too quickly! -1.8682177045769777,-1.431523845270732,-9.783185056294087
[22:32:14] [Server thread/INFO]: _Sebas23_ lost connection: Disconnected
[22:32:14] [Server thread/INFO]: _Sebas23_ left the game
[22:32:22] [Server thread/INFO]: _Sebas23_[/192.168.192.23:46041] logged in with entity id 1723 at (-824.4956569119354, 113.12160004615784, -1935.7173218295789)
[22:32:22] [Server thread/INFO]: _Sebas23_ joined the game
[22:32:35] [Server thread/INFO]: [Not Secure] <chepaboy> -800 ~ -2528
[22:33:52] [Server thread/INFO]: [Not Secure] <_Sebas23_> adw
[22:35:12] [Server thread/INFO]: [Not Secure] <chepaboy> -911 -2145
[22:35:19] [Server thread/INFO]: _Sebas23_ lost connection: Disconnected
[22:35:19] [Server thread/INFO]: _Sebas23_ left the game
[22:35:27] [Server thread/INFO]: _Sebas23_[/192.168.192.23:11587] logged in with entity id 4291 at (-787.3122148091852, 79.16610926093821, -2504.246104471868)
[22:35:27] [Server thread/INFO]: _Sebas23_ joined the game
[22:35:29] [Server thread/INFO]: [Not Secure] <chepaboy> -911 -2145
[22:35:37] [Server thread/INFO]: [Not Secure] <chepaboy> -800 ~ -2528
[22:36:43] [Server thread/WARN]: _Sebas23_ was kicked for floating too long!
[22:36:43] [Server thread/INFO]: _Sebas23_ lost connection: Flying is not enabled on this server
[22:36:43] [Server thread/INFO]: _Sebas23_ left the game
[22:36:43] [Server thread/WARN]: handleDisconnection() called twice
[22:43:45] [Server thread/INFO]: _Sebas23_[/192.168.192.23:27211] logged in with entity id 7043 at (-819.3250408327134, 72.16610926093821, -2591.3750356056325)
[22:43:45] [Server thread/INFO]: _Sebas23_ joined the game
[22:43:53] [Server thread/WARN]: _Sebas23_ was kicked for floating too long!
[22:43:53] [Server thread/INFO]: _Sebas23_ lost connection: Flying is not enabled on this server
[22:43:53] [Server thread/INFO]: _Sebas23_ left the game
[22:44:04] [Server thread/INFO]: _Sebas23_[/192.168.192.23:27217] logged in with entity id 7108 at (-819.3250408327134, 72.16610926093821, -2591.3750356056325)
[22:44:04] [Server thread/INFO]: _Sebas23_ joined the game
[22:44:33] [Server thread/WARN]: _Sebas23_ moved too quickly! -4.273969257239969,0.4186640077748365,-9.61352084679038
[22:45:49] [Server thread/INFO]: _Sebas23_ lost connection: Timed out
[22:45:49] [Server thread/INFO]: _Sebas23_ left the game
[22:45:55] [Server thread/INFO]: _Sebas23_[/192.168.192.23:60471] logged in with entity id 7524 at (-803.3000000119209, 73.7531999805212, -2504.300000011921)
[22:45:55] [Server thread/INFO]: _Sebas23_ joined the game
[22:47:40] [Server thread/INFO]: _Sebas23_ lost connection: Timed out
[22:47:40] [Server thread/INFO]: _Sebas23_ left the game
[22:48:09] [Server thread/INFO]: _Sebas23_[/192.168.192.23:45237] logged in with entity id 7874 at (-792.4981771559173, 73.0, -2543.699999988079)
[22:48:09] [Server thread/INFO]: _Sebas23_ joined the game
[22:48:31] [Server thread/WARN]: _Sebas23_ moved too quickly! 6.676008680037853,-0.9169221821935309,-7.693270981136266
[22:48:52] [Server thread/INFO]: Stopping the server
[22:48:52] [Server thread/INFO]: Stopping server
[22:48:52] [Server thread/INFO]: Saving players
[22:48:52] [Server thread/INFO]: chepaboy lost connection: Server closed
[22:48:52] [Server thread/INFO]: chepaboy left the game
[22:48:52] [Server thread/INFO]: Saving worlds
[22:48:52] [Server thread/INFO]: Saving chunks for level 'ServerLevel[world]'/minecraft:overworld
[22:48:53] [Server thread/INFO]: Saving chunks for level 'ServerLevel[world]'/minecraft:the_nether
[22:48:53] [Server thread/INFO]: Saving chunks for level 'ServerLevel[world]'/minecraft:the_end
[22:48:53] [Server thread/INFO]: ThreadedAnvilChunkStorage (world): All chunks are saved
[22:48:53] [Server thread/INFO]: ThreadedAnvilChunkStorage (DIM-1): All chunks are saved
[22:48:53] [Server thread/INFO]: ThreadedAnvilChunkStorage (DIM1): All chunks are saved
[22:48:53] [Server thread/INFO]: ThreadedAnvilChunkStorage: All dimensions are saved
